<?xml version="1.0" encoding="UTF-8"?>
<testng-results total="1" passed="1" failed="0" skipped="0">
  <reporter-output>
  </reporter-output>
  <suite started-at="2022-03-17T16:21:49Z" name="Default suite" finished-at="2022-03-17T16:21:51Z" duration-ms="1580">
    <groups>
      <group name="cucumber">
        <method signature="AbstractTestNGCucumberTests.feature(cucumber.api.testng.CucumberFeatureWrapper)[pri:0, instance:CucumberOptions.TestRunner@1bab8268]" name="feature" class="cucumber.api.testng.AbstractTestNGCucumberTests"/>
      </group> <!-- cucumber -->
    </groups>
    <test started-at="2022-03-17T16:21:49Z" name="Default test" finished-at="2022-03-17T16:21:51Z" duration-ms="1580">
      <class name="CucumberOptions.TestRunner">
        <test-method is-config="true" signature="setUpClass()[pri:0, instance:CucumberOptions.TestRunner@1bab8268]" started-at="2022-03-17T11:21:49Z" name="setUpClass" finished-at="2022-03-17T11:21:50Z" duration-ms="761" status="PASS">
          <reporter-output>
          </reporter-output>
        </test-method> <!-- setUpClass -->
        <test-method signature="feature(cucumber.api.testng.CucumberFeatureWrapper)[pri:0, instance:CucumberOptions.TestRunner@1bab8268]" started-at="2022-03-17T11:21:50Z" name="feature" description="Runs Cucumber Feature" data-provider="features" finished-at="2022-03-17T11:21:51Z" duration-ms="560" status="PASS">
          <params>
            <param index="0">
              <value>
                <![CDATA[API Automation]]>
              </value>
            </param>
          </params>
          <reporter-output>
          </reporter-output>
        </test-method> <!-- feature -->
        <test-method is-config="true" signature="tearDownClass()[pri:0, instance:CucumberOptions.TestRunner@1bab8268]" started-at="2022-03-17T11:21:51Z" name="tearDownClass" finished-at="2022-03-17T11:21:51Z" duration-ms="17" status="PASS">
          <reporter-output>
          </reporter-output>
        </test-method> <!-- tearDownClass -->
      </class> <!-- CucumberOptions.TestRunner -->
    </test> <!-- Default test -->
  </suite> <!-- Default suite -->
</testng-results>
